{
  "0 debug pnpm:scope": {
    "selected": 1
  },
  "1 info pnpm": {
    "err": {
      "name": "Error",
      "message": "Command failed with ENOENT: instlall\nspawn instlall ENOENT",
      "code": "ENOENT",
      "stack": "Error: Command failed with ENOENT: instlall\nspawn instlall ENOENT\n    at Process.ChildProcess._handle.onexit (node:internal/child_process:282:19)\n    at onErrorNT (node:internal/child_process:480:16)\n    at processTicksAndRejections (node:internal/process/task_queues:83:21)"
    }
  },
  "2 error pnpm": {
    "errno": -2,
    "code": "ERR_PNPM_RECURSIVE_EXEC_FIRST_FAIL",
    "syscall": "spawn instlall",
    "path": "instlall",
    "spawnargs": [],
    "originalMessage": "spawn instlall ENOENT",
    "shortMessage": "Command failed with ENOENT: instlall\nspawn instlall ENOENT",
    "command": "instlall",
    "escapedCommand": "instlall",
    "failed": true,
    "timedOut": false,
    "isCanceled": false,
    "killed": false,
    "prefix": "/Users/ryoh/ghq/github.com/ryoh827/uma-tag",
    "err": {
      "name": "Error",
      "message": "Command failed with ENOENT: instlall\nspawn instlall ENOENT",
      "code": "ERR_PNPM_RECURSIVE_EXEC_FIRST_FAIL",
      "stack": "Error: Command failed with ENOENT: instlall\nspawn instlall ENOENT\n    at Process.ChildProcess._handle.onexit (node:internal/child_process:282:19)\n    at onErrorNT (node:internal/child_process:480:16)\n    at processTicksAndRejections (node:internal/process/task_queues:83:21)"
    }
  }
}